May 18, 2024 3:41:32 PM TimeTable actionPerformed
INFO: Slots: 10
Shifts: 10
May 18, 2024 3:41:33 PM TimeTable actionPerformed
INFO: Operation: Start
Shift:10	Min clashes:17370	at step 1
May 18, 2024 3:41:34 PM TimeTable actionPerformed
INFO: Operation: Step
Shift:10	Min clashes:17370
May 18, 2024 3:41:34 PM TimeTable actionPerformed
INFO: Operation: Step
Shift:10	Min clashes:17370
May 18, 2024 3:41:35 PM TimeTable actionPerformed
INFO: Operation: Continue
Shift:10	Min clashes:17370
May 18, 2024 3:41:36 PM TimeTable actionPerformed
INFO: Operation: Continue
Shift:10	Min clashes:17370
May 18, 2024 3:41:36 PM TimeTable actionPerformed
INFO: Operation: Continue
Shift:10	Min clashes:17370
May 18, 2024 3:41:36 PM TimeTable actionPerformed
INFO: Operation: Continue
Shift:10	Min clashes:17370
May 18, 2024 3:41:37 PM TimeTable actionPerformed
INFO: Operation: Continue
Shift:10	Min clashes:17370
May 18, 2024 3:41:37 PM TimeTable actionPerformed
INFO: Operation: Continue
Shift:10	Min clashes:17370
May 18, 2024 3:41:37 PM TimeTable actionPerformed
INFO: Operation: Continue
Shift:10	Min clashes:17370
May 18, 2024 3:41:48 PM TimeTable actionPerformed
INFO: Operation: Step
Shift:10	Min clashes:17370
May 18, 2024 3:41:48 PM TimeTable actionPerformed
INFO: Operation: Step
Shift:10	Min clashes:17370
May 18, 2024 3:41:49 PM TimeTable actionPerformed
INFO: Operation: Step
Shift:10	Min clashes:17370
May 18, 2024 3:41:51 PM TimeTable actionPerformed
INFO: Operation: Update network
Shift:10	Min clashes:17370
May 18, 2024 3:41:51 PM TimeTable actionPerformed
INFO: Operation: Update network
Shift:10	Min clashes:17440
May 18, 2024 3:41:52 PM TimeTable actionPerformed
INFO: Operation: Update network
Shift:10	Min clashes:17458
May 18, 2024 3:41:52 PM TimeTable actionPerformed
INFO: Operation: Update network
Shift:10	Min clashes:17570
May 18, 2024 3:41:52 PM TimeTable actionPerformed
INFO: Operation: Update network
Shift:10	Min clashes:17576
May 18, 2024 3:41:52 PM TimeTable actionPerformed
INFO: Operation: Update network
Shift:10	Min clashes:17640
May 18, 2024 3:41:52 PM TimeTable actionPerformed
INFO: Operation: Update network
Shift:10	Min clashes:17646
May 18, 2024 3:41:52 PM TimeTable actionPerformed
INFO: Operation: Update network
Shift:10	Min clashes:17646
May 18, 2024 3:41:52 PM TimeTable actionPerformed
INFO: Operation: Update network
Shift:10	Min clashes:17646
May 18, 2024 3:41:53 PM TimeTable actionPerformed
INFO: Operation: Update network
Shift:10	Min clashes:17646
May 18, 2024 3:41:53 PM TimeTable actionPerformed
INFO: Operation: Update network
Shift:10	Min clashes:17646
May 18, 2024 3:41:53 PM TimeTable actionPerformed
INFO: Operation: Update network
Shift:10	Min clashes:17692
May 18, 2024 3:41:53 PM TimeTable actionPerformed
INFO: Operation: Update network
Shift:10	Min clashes:17692
May 18, 2024 3:41:53 PM TimeTable actionPerformed
INFO: Operation: Update network
Shift:10	Min clashes:17692
May 18, 2024 3:41:53 PM TimeTable actionPerformed
INFO: Operation: Update network
Shift:10	Min clashes:17692
May 18, 2024 3:41:53 PM TimeTable actionPerformed
INFO: Operation: Update network
Shift:10	Min clashes:17692
May 18, 2024 3:41:54 PM TimeTable actionPerformed
INFO: Operation: Update network
Shift:10	Min clashes:17762
May 18, 2024 3:41:54 PM TimeTable actionPerformed
INFO: Operation: Update network
Shift:10	Min clashes:17856
May 18, 2024 3:41:54 PM TimeTable actionPerformed
INFO: Operation: Update network
Shift:10	Min clashes:17934
May 18, 2024 3:41:54 PM TimeTable actionPerformed
INFO: Operation: Update network
Shift:10	Min clashes:17942
May 18, 2024 3:41:54 PM TimeTable actionPerformed
INFO: Operation: Update network
Shift:10	Min clashes:17976
May 18, 2024 3:41:55 PM TimeTable actionPerformed
INFO: Operation: Continue
Shift:10	Min clashes:17370
May 18, 2024 3:41:55 PM TimeTable actionPerformed
INFO: Operation: Continue
Shift:10	Min clashes:17370
May 18, 2024 3:41:55 PM TimeTable actionPerformed
INFO: Operation: Continue
Shift:10	Min clashes:17370
May 18, 2024 3:41:55 PM TimeTable actionPerformed
INFO: Operation: Continue
Shift:10	Min clashes:17370
May 18, 2024 3:41:55 PM TimeTable actionPerformed
INFO: Operation: Continue
Shift:10	Min clashes:17370
May 18, 2024 3:41:57 PM TimeTable actionPerformed
INFO: Operation: Step
Shift:10	Min clashes:17370
May 18, 2024 3:41:57 PM TimeTable actionPerformed
INFO: Operation: Step
Shift:10	Min clashes:17370
May 18, 2024 3:41:58 PM TimeTable actionPerformed
INFO: Operation: Step
Shift:10	Min clashes:17370
May 18, 2024 3:41:58 PM TimeTable actionPerformed
INFO: Operation: Step
Shift:10	Min clashes:17370
May 18, 2024 3:41:58 PM TimeTable actionPerformed
INFO: Operation: Step
Shift:10	Min clashes:17370
May 18, 2024 3:41:58 PM TimeTable actionPerformed
INFO: Operation: Step
Shift:10	Min clashes:17370
May 18, 2024 3:41:59 PM TimeTable actionPerformed
INFO: Operation: Continue
Shift:10	Min clashes:17370
May 18, 2024 3:41:59 PM TimeTable actionPerformed
INFO: Operation: Continue
Shift:10	Min clashes:17370
May 18, 2024 3:41:59 PM TimeTable actionPerformed
INFO: Operation: Continue
Shift:10	Min clashes:17370
May 18, 2024 3:42:00 PM TimeTable actionPerformed
INFO: Operation: Update network
Shift:10	Min clashes:17484
May 18, 2024 3:42:00 PM TimeTable actionPerformed
INFO: Operation: Update network
Shift:10	Min clashes:17484
May 18, 2024 3:42:00 PM TimeTable actionPerformed
INFO: Operation: Update network
Shift:10	Min clashes:17494
May 18, 2024 3:42:01 PM TimeTable actionPerformed
INFO: Operation: Update network
Shift:10	Min clashes:17494
May 18, 2024 3:42:01 PM TimeTable actionPerformed
INFO: Operation: Update network
Shift:10	Min clashes:17588
May 18, 2024 3:42:01 PM TimeTable actionPerformed
INFO: Operation: Update network
Shift:10	Min clashes:17700
May 18, 2024 3:42:01 PM TimeTable actionPerformed
INFO: Operation: Update network
Shift:10	Min clashes:17754
May 18, 2024 3:42:01 PM TimeTable actionPerformed
INFO: Operation: Update network
Shift:10	Min clashes:17812
May 18, 2024 3:42:01 PM TimeTable actionPerformed
INFO: Operation: Update network
Shift:10	Min clashes:17856
May 18, 2024 3:42:02 PM TimeTable actionPerformed
INFO: Operation: Update network
Shift:10	Min clashes:17856
May 18, 2024 3:42:02 PM TimeTable actionPerformed
INFO: Operation: Update network
Shift:10	Min clashes:17926
May 18, 2024 3:42:02 PM TimeTable actionPerformed
INFO: Operation: Continue
Shift:10	Min clashes:17370
May 18, 2024 3:42:02 PM TimeTable actionPerformed
INFO: Operation: Continue
Shift:10	Min clashes:17370
May 18, 2024 3:42:03 PM TimeTable actionPerformed
INFO: Operation: Continue
Shift:10	Min clashes:17370
May 18, 2024 3:42:03 PM TimeTable actionPerformed
INFO: Operation: Continue
Shift:10	Min clashes:17370
May 18, 2024 3:42:03 PM TimeTable actionPerformed
INFO: Operation: Continue
Shift:10	Min clashes:17370
May 18, 2024 3:42:03 PM TimeTable actionPerformed
INFO: Operation: Continue
Shift:10	Min clashes:17370
May 18, 2024 3:42:03 PM TimeTable actionPerformed
INFO: Operation: Continue
Shift:10	Min clashes:17370
May 18, 2024 3:42:03 PM TimeTable actionPerformed
INFO: Operation: Continue
Shift:10	Min clashes:17370
May 18, 2024 3:42:04 PM TimeTable actionPerformed
INFO: Operation: Continue
Shift:10	Min clashes:17370
May 18, 2024 3:42:04 PM TimeTable actionPerformed
INFO: Operation: Continue
Shift:10	Min clashes:17370
May 18, 2024 3:42:04 PM TimeTable actionPerformed
INFO: Operation: Continue
Shift:10	Min clashes:17370
May 18, 2024 3:42:04 PM TimeTable actionPerformed
INFO: Operation: Continue
Shift:10	Min clashes:17370
May 18, 2024 3:42:04 PM TimeTable actionPerformed
INFO: Operation: Continue
Shift:10	Min clashes:17370
May 18, 2024 3:42:04 PM TimeTable actionPerformed
INFO: Operation: Continue
Shift:10	Min clashes:17370
May 18, 2024 3:42:05 PM TimeTable actionPerformed
INFO: Operation: Continue
Shift:10	Min clashes:17370
May 18, 2024 3:42:07 PM TimeTable actionPerformed
INFO: "Exam\tSlot\tClashes"
1	1	0
2	2	0
3	3	0
4	1	0
5	2	0
6	1	0
7	4	0
8	1	0
9	5	0
10	4	0
11	2	0
12	6	0
13	3	0
14	2	0
15	7	0
16	2	0
17	4	0
18	1	0
19	2	0
20	3	0
21	6	0
22	7	0
23	8	0
24	5	0
25	1	0
26	1	0
27	2	0
28	2	0
29	9	0
30	1	0
31	6	0
32	2	0
33	4	0
34	0	138
35	1	0
36	2	0
37	9	0
38	5	0
39	4	0
40	1	0
41	2	0
42	1	0
43	6	0
44	3	0
45	6	0
46	1	0
47	7	0
48	5	0
49	0	89
50	1	0
51	5	0
52	1	0
53	8	0
54	9	0
55	3	0
56	6	0
57	1	0
58	2	0
59	4	0
60	0	47
61	0	169
62	0	98
63	0	88
64	1	0
65	2	0
66	3	0
67	0	59
68	8	0
69	4	0
70	5	0
71	0	47
72	6	0
73	7	0
74	6	0
75	8	0
76	3	0
77	4	0
78	9	0
79	2	0
80	6	0
81	5	0
82	2	0
83	4	0
84	1	0
85	2	0
86	7	0
87	1	0
88	1	0
89	3	0
90	5	0
91	8	0
92	2	0
93	4	0
94	3	0
95	6	0
96	9	0
97	3	0
98	0	156
99	0	116
100	0	158
101	1	0
102	0	144
103	6	0
104	8	0
105	5	0
106	0	113
107	2	0
108	2	0
109	1	0
110	5	0
111	8	0
112	0	64
113	9	0
114	1	0
115	7	0
116	0	70
117	3	0
118	0	69
119	6	0
120	1	0
121	0	36
122	5	0
123	0	101
124	0	42
125	0	35
126	0	40
127	0	59
128	4	0
129	1	0
130	0	129
131	0	115
132	0	71
133	0	80
134	0	128
135	1	0
136	6	0
137	3	0
138	4	0
139	0	95
140	0	117
141	6	0
142	2	0
143	1	0
144	0	69
145	0	77
146	2	0
147	0	64
148	7	0
149	9	0
150	1	0
151	8	0
152	0	41
153	2	0
154	4	0
155	0	76
156	0	66
157	0	29
158	0	64
159	0	77
160	0	38
161	1	0
162	4	0
163	6	0
164	8	0
165	3	0
166	0	139
167	0	58
168	1	0
169	0	102
170	0	69
171	7	0
172	0	71
173	0	50
174	9	0
175	2	0
176	4	0
177	4	0
178	0	64
179	1	0
180	0	57
181	0	64
182	0	84
183	0	132
184	0	114
185	0	92
186	2	0
187	0	75
188	3	0
189	2	0
190	3	0
191	0	48
192	1	0
193	0	71
194	2	0
195	0	65
196	0	98
197	3	0
198	0	52
199	1	0
200	0	89
201	0	106
202	0	93
203	0	62
204	0	123
205	0	51
206	0	110
207	3	0
208	4	0
209	5	0
210	8	0
211	0	38
212	2	0
213	4	0
214	1	0
215	6	0
216	5	0
217	3	0
218	2	0
219	0	123
220	0	92
221	0	105
222	7	0
223	3	0
224	1	0
225	0	17
226	1	0
227	2	0
228	1	0
229	3	0
230	5	0
231	6	0
232	1	0
233	1	0
234	2	0
235	1	0
236	3	0
237	4	0
238	0	74
239	0	109
240	0	108
241	8	0
242	0	81
243	0	124
244	0	115
245	0	76
246	4	0
247	0	126
248	0	106
249	0	120
250	5	0
251	4	0
252	5	0
253	0	45
254	5	0
255	0	62
256	2	0
257	7	0
258	3	0
259	0	79
260	0	39
261	0	81
262	2	0
263	0	50
264	0	55
265	1	0
266	6	0
267	9	0
268	6	0
269	1	0
270	6	0
271	3	0
272	2	0
273	0	85
274	8	0
275	0	36
276	0	61
277	0	34
278	0	43
279	0	43
280	0	48
281	5	0
282	3	0
283	6	0
284	4	0
285	0	39
286	0	47
287	9	0
288	1	0
289	8	0
290	0	46
291	7	0
292	1	0
293	1	0
294	2	0
295	5	0
296	0	32
297	0	84
298	1	0
299	0	68
300	2	0
301	4	0
302	0	81
303	0	50
304	6	0
305	1	0
306	0	115
307	4	0
308	1	0
309	3	0
310	7	0
311	1	0
312	0	105
313	6	0
314	0	46
315	6	0
316	4	0
317	5	0
318	2	0
319	8	0
320	9	0
321	6	0
322	1	0
323	6	0
324	3	0
325	0	65
326	0	36
327	4	0
328	2	0
329	1	0
330	1	0
331	8	0
332	3	0
333	4	0
334	1	0
335	1	0
336	4	0
337	4	0
338	0	51
339	0	42
340	6	0
341	3	0
342	5	0
343	2	0
344	1	0
345	3	0
346	6	0
347	0	120
348	0	26
349	6	0
350	5	0
351	0	67
352	0	115
353	0	121
354	0	76
355	0	116
356	0	84
357	2	0
358	0	72
359	0	109
360	0	68
361	0	45
362	0	51
363	0	41
364	7	0
365	0	26
366	0	45
367	3	0
368	4	0
369	0	31
370	1	0
371	2	0
372	0	50
373	6	0
374	0	72
375	9	0
376	2	0
377	0	9
378	7	0
379	1	0
380	0	34
381	8	0
382	6	0
383	0	118
384	0	77
385	0	82
386	0	60
387	0	64
388	7	0
389	8	0
390	0	44
391	0	44
392	0	40
393	3	0
394	0	59
395	9	0
396	5	0
397	0	47
398	0	47
399	0	60
400	6	0
401	2	0
402	0	43
403	0	43
404	7	0
405	2	0
406	0	36
407	9	0
408	1	0
409	0	30
410	0	67
411	2	0
412	3	0
413	2	0
414	5	0
415	1	0
416	8	0
417	0	30
418	2	0
419	4	0
420	0	74
421	2	0
422	1	0
423	4	0
424	9	0
425	0	42
426	0	35
427	5	0
428	1	0
429	3	0
430	6	0
431	2	0
432	0	67
433	3	0
434	0	63
435	0	89
436	0	91
437	9	0
438	6	0
439	0	97
440	0	82
441	0	66
442	0	43
443	0	47
444	8	0
445	0	62
446	0	54
447	0	127
448	0	62
449	0	159
450	0	84
451	0	78
452	7	0
453	0	73
454	0	61
455	0	88
456	2	0
457	0	32
458	0	25
459	1	0
460	5	0
461	0	53
462	0	30
463	7	0
464	0	93
465	0	91
466	0	57
467	0	46
468	0	40
469	1	0
470	5	0
471	3	0
472	4	0
473	7	0
474	8	0
475	0	13
476	1	0
477	7	0
478	2	0
479	5	0
480	0	0
481	0	0
482	0	140
483	1	0
484	0	95
485	0	153
486	0	76
487	9	0
488	7	0
489	0	65
490	0	46
491	0	47
492	2	0
493	5	0
494	8	0
495	1	0
496	0	40
497	5	0
498	0	71
499	0	33
500	0	38
501	3	0
502	0	38
503	0	41
504	8	0
505	5	0
506	0	41
507	2	0
508	3	0
509	0	66
510	0	89
511	3	0
512	1	0
513	0	168
514	0	124
515	0	70
516	0	69
517	0	81
518	0	88
519	0	81
520	4	0
521	0	80
522	0	104
523	2	0
524	0	71
525	0	28
526	1	0
527	7	0
528	5	0
529	9	0
530	2	0
531	2	0
532	4	0
533	3	0
534	1	0
535	0	116
536	0	38
537	4	0
538	4	0
539	2	0
540	1	0
541	9	0
542	5	0
543	0	42
544	1	0
545	0	44
546	3	0
547	3	0
548	2	0
549	1	0
550	3	0
551	2	0
552	5	0
553	3	0
554	1	0
555	7	0
556	2	0
557	1	0
558	2	0
559	1	0
560	2	0
561	3	0
562	1	0
563	4	0
564	1	0
565	6	0
566	4	0
567	2	0
568	0	30
569	3	0
570	1	0
571	1	0
572	0	45
573	5	0
574	0	180
575	0	45
576	0	44
577	1	0
578	0	84
579	0	29
580	2	0
581	0	103
582	0	79
583	9	0
584	8	0
585	0	31
586	0	59
587	0	67
588	0	134
589	0	85
590	0	48
591	0	34
592	4	0
593	7	0
594	0	62
595	0	63
596	1	0
597	0	69
598	0	52
599	0	53
600	1	0
601	2	0
602	0	78
603	6	0
604	7	0
605	1	0
606	0	78
607	0	67
608	0	68
609	0	80
610	0	52
611	0	103
612	0	36
613	3	0
614	0	68
615	0	43
616	9	0
617	0	30
618	2	0
619	2	0
620	1	0
621	4	0
622	9	0
